[ 2025-11-15 08:52:37,482 ] 1025 httpx - INFO - HTTP Request: GET https://dagshub.com/api/v1/user "HTTP/1.1 200 OK"
[ 2025-11-15 08:52:37,490 ] 107 dagshub - INFO - Accessing as humayun-mhk
[ 2025-11-15 08:52:40,907 ] 1025 httpx - INFO - HTTP Request: GET https://dagshub.com/api/v1/repos/humayun-mhk/Network_Security "HTTP/1.1 200 OK"
[ 2025-11-15 08:52:42,975 ] 1025 httpx - INFO - HTTP Request: GET https://dagshub.com/api/v1/user "HTTP/1.1 200 OK"
[ 2025-11-15 08:52:42,990 ] 107 dagshub - INFO - Initialized MLflow to track repo "humayun-mhk/Network_Security"
[ 2025-11-15 08:52:42,996 ] 107 dagshub - INFO - Repository humayun-mhk/Network_Security initialized!
[ 2025-11-15 08:52:43,004 ] 21 root - INFO - Initiate the data ingestion
[ 2025-11-15 08:56:13,329 ] 65 root - INFO - Performed train test split on the dataframe
[ 2025-11-15 08:56:13,330 ] 67 root - INFO - Exited split_data_as_train_test method of Data_Ingestion class
[ 2025-11-15 08:56:13,338 ] 75 root - INFO - Exporting train and test file path.
[ 2025-11-15 08:56:13,530 ] 84 root - INFO - Exported train and test file path.
[ 2025-11-15 08:56:13,531 ] 23 root - INFO - Data Initiation Completed
[ 2025-11-15 08:56:13,550 ] 27 root - INFO - Initiate the data Validation
[ 2025-11-15 08:56:13,829 ] 32 root - INFO - Required number of columns:2
[ 2025-11-15 08:56:13,829 ] 33 root - INFO - Data frame has columns:31
[ 2025-11-15 08:56:13,830 ] 32 root - INFO - Required number of columns:2
[ 2025-11-15 08:56:13,830 ] 33 root - INFO - Data frame has columns:31
[ 2025-11-15 08:56:14,169 ] 29 root - INFO - data Validation Completed
[ 2025-11-15 08:56:14,169 ] 32 root - INFO - data Transformation started
[ 2025-11-15 08:56:14,170 ] 63 root - INFO - Entered initiate_data_transformation method of DataTransformation class
[ 2025-11-15 08:56:14,170 ] 65 root - INFO - Starting data transformation
[ 2025-11-15 08:56:14,231 ] 48 root - INFO - Entered get_data_trnasformer_object method of Trnasformation class
[ 2025-11-15 08:56:14,231 ] 53 root - INFO - Initialise KNNImputer with {'missing_values': nan, 'n_neighbors': 3, 'weights': 'uniform'}
[ 2025-11-15 08:56:14,259 ] 46 root - INFO - Entered the save_object method of MainUtils class
[ 2025-11-15 08:56:14,263 ] 50 root - INFO - Exited the save_object method of MainUtils class
[ 2025-11-15 08:56:14,263 ] 46 root - INFO - Entered the save_object method of MainUtils class
[ 2025-11-15 08:56:14,267 ] 50 root - INFO - Exited the save_object method of MainUtils class
[ 2025-11-15 08:56:14,269 ] 36 root - INFO - data Transformation completed
[ 2025-11-15 08:56:14,269 ] 38 root - INFO - Model Training sstared
