[ 2025-11-15 12:41:46,174 ] 1025 httpx - INFO - HTTP Request: GET https://dagshub.com/api/v1/user "HTTP/1.1 200 OK"
[ 2025-11-15 12:41:46,195 ] 107 dagshub - INFO - Accessing as humayun-mhk
[ 2025-11-15 12:41:48,383 ] 1025 httpx - INFO - HTTP Request: GET https://dagshub.com/api/v1/repos/humayun-mhk/Network_Security "HTTP/1.1 200 OK"
[ 2025-11-15 12:41:50,001 ] 1025 httpx - INFO - HTTP Request: GET https://dagshub.com/api/v1/user "HTTP/1.1 200 OK"
[ 2025-11-15 12:41:50,019 ] 107 dagshub - INFO - Initialized MLflow to track repo "humayun-mhk/Network_Security"
[ 2025-11-15 12:41:50,026 ] 107 dagshub - INFO - Repository humayun-mhk/Network_Security initialized!
[ 2025-11-15 12:41:59,341 ] 42 root - INFO - Start data Ingestion
[ 2025-11-15 12:42:18,694 ] 65 root - INFO - Performed train test split on the dataframe
[ 2025-11-15 12:42:18,695 ] 67 root - INFO - Exited split_data_as_train_test method of Data_Ingestion class
[ 2025-11-15 12:42:18,695 ] 75 root - INFO - Exporting train and test file path.
[ 2025-11-15 12:42:18,772 ] 84 root - INFO - Exported train and test file path.
[ 2025-11-15 12:42:18,773 ] 45 root - INFO - Data Ingestion completed and artifact: DataIngestionArtifact(trained_file_path='Artifacts\\11_15_2025_12_41_39\\data_ingestion\\ingested\\train.csv', test_file_path='Artifacts\\11_15_2025_12_41_39\\data_ingestion\\ingested\\test.csv')
[ 2025-11-15 12:42:18,788 ] 55 root - INFO - Initiate the data Validation
[ 2025-11-15 12:42:18,885 ] 32 root - INFO - Required number of columns:2
[ 2025-11-15 12:42:18,885 ] 33 root - INFO - Data frame has columns:31
[ 2025-11-15 12:42:18,885 ] 32 root - INFO - Required number of columns:2
[ 2025-11-15 12:42:18,885 ] 33 root - INFO - Data frame has columns:31
[ 2025-11-15 12:42:19,087 ] 63 root - INFO - Entered initiate_data_transformation method of DataTransformation class
[ 2025-11-15 12:42:19,087 ] 65 root - INFO - Starting data transformation
[ 2025-11-15 12:42:19,121 ] 48 root - INFO - Entered get_data_trnasformer_object method of Trnasformation class
[ 2025-11-15 12:42:19,121 ] 53 root - INFO - Initialise KNNImputer with {'missing_values': nan, 'n_neighbors': 3, 'weights': 'uniform'}
[ 2025-11-15 12:42:19,143 ] 46 root - INFO - Entered the save_object method of MainUtils class
[ 2025-11-15 12:42:19,147 ] 50 root - INFO - Exited the save_object method of MainUtils class
[ 2025-11-15 12:42:19,147 ] 46 root - INFO - Entered the save_object method of MainUtils class
[ 2025-11-15 12:42:19,151 ] 50 root - INFO - Exited the save_object method of MainUtils class
[ 2025-11-15 12:48:11,800 ] 46 root - INFO - Entered the save_object method of MainUtils class
[ 2025-11-15 12:48:11,815 ] 50 root - INFO - Exited the save_object method of MainUtils class
[ 2025-11-15 12:48:11,818 ] 46 root - INFO - Entered the save_object method of MainUtils class
[ 2025-11-15 12:48:11,865 ] 50 root - INFO - Exited the save_object method of MainUtils class
[ 2025-11-15 12:48:11,865 ] 146 root - INFO - Model trainer artifact: ModelTrainerArtifact(trained_model_file_path='Artifacts\\11_15_2025_12_41_39\\model_trainer\\trained_model\\model.pkl', train_metric_artifact=ClassificationMetricArtifact(f1_score=0.9912271856408188, precision_score=0.9889336016096579, recall_score=0.9935314331918335), test_metric_artifact=ClassificationMetricArtifact(f1_score=0.9757301522007404, precision_score=0.9713349713349714, recall_score=0.9801652892561984))
