[ 2025-11-15 09:25:59,970 ] 1025 httpx - INFO - HTTP Request: GET https://dagshub.com/api/v1/user "HTTP/1.1 200 OK"
[ 2025-11-15 09:25:59,982 ] 107 dagshub - INFO - Accessing as humayun-mhk
[ 2025-11-15 09:26:02,181 ] 1025 httpx - INFO - HTTP Request: GET https://dagshub.com/api/v1/repos/humayun-mhk/Network_Security "HTTP/1.1 200 OK"
[ 2025-11-15 09:26:04,524 ] 1025 httpx - INFO - HTTP Request: GET https://dagshub.com/api/v1/user "HTTP/1.1 200 OK"
[ 2025-11-15 09:26:04,534 ] 107 dagshub - INFO - Initialized MLflow to track repo "humayun-mhk/Network_Security"
[ 2025-11-15 09:26:04,539 ] 107 dagshub - INFO - Repository humayun-mhk/Network_Security initialized!
[ 2025-11-15 09:26:04,541 ] 21 root - INFO - Initiate the data ingestion
[ 2025-11-15 09:26:25,023 ] 65 root - INFO - Performed train test split on the dataframe
[ 2025-11-15 09:26:25,024 ] 67 root - INFO - Exited split_data_as_train_test method of Data_Ingestion class
[ 2025-11-15 09:26:25,024 ] 75 root - INFO - Exporting train and test file path.
[ 2025-11-15 09:26:25,099 ] 84 root - INFO - Exported train and test file path.
[ 2025-11-15 09:26:25,100 ] 23 root - INFO - Data Initiation Completed
[ 2025-11-15 09:26:25,106 ] 27 root - INFO - Initiate the data Validation
[ 2025-11-15 09:26:25,181 ] 32 root - INFO - Required number of columns:2
[ 2025-11-15 09:26:25,181 ] 33 root - INFO - Data frame has columns:31
[ 2025-11-15 09:26:25,181 ] 32 root - INFO - Required number of columns:2
[ 2025-11-15 09:26:25,181 ] 33 root - INFO - Data frame has columns:31
[ 2025-11-15 09:26:25,423 ] 29 root - INFO - data Validation Completed
[ 2025-11-15 09:26:25,423 ] 32 root - INFO - data Transformation started
[ 2025-11-15 09:26:25,423 ] 63 root - INFO - Entered initiate_data_transformation method of DataTransformation class
[ 2025-11-15 09:26:25,423 ] 65 root - INFO - Starting data transformation
[ 2025-11-15 09:26:25,471 ] 48 root - INFO - Entered get_data_trnasformer_object method of Trnasformation class
[ 2025-11-15 09:26:25,471 ] 53 root - INFO - Initialise KNNImputer with {'missing_values': nan, 'n_neighbors': 3, 'weights': 'uniform'}
[ 2025-11-15 09:26:25,495 ] 46 root - INFO - Entered the save_object method of MainUtils class
[ 2025-11-15 09:26:25,499 ] 50 root - INFO - Exited the save_object method of MainUtils class
[ 2025-11-15 09:26:25,500 ] 46 root - INFO - Entered the save_object method of MainUtils class
[ 2025-11-15 09:26:25,504 ] 50 root - INFO - Exited the save_object method of MainUtils class
[ 2025-11-15 09:26:25,506 ] 36 root - INFO - data Transformation completed
[ 2025-11-15 09:26:25,506 ] 38 root - INFO - Model Training sstared
[ 2025-11-15 09:31:57,592 ] 868 urllib3.connectionpool - WARNING - Retrying (Retry(total=6, connect=7, read=6, redirect=7, status=7)) after connection broken by 'ConnectionAbortedError(10053, 'An established connection was aborted by the software in your host machine', None, 10053, None)': /humayun-mhk/Network_Security.mlflow/api/2.0/mlflow-artifacts/artifacts/a8bca8911e0e4919918f54e46dfa2535/b88cfaabf6da4629b38bb8efefc11721/artifacts/best_model.pkl
[ 2025-11-15 09:36:23,701 ] 46 root - INFO - Entered the save_object method of MainUtils class
[ 2025-11-15 09:36:23,703 ] 50 root - INFO - Exited the save_object method of MainUtils class
[ 2025-11-15 09:36:23,703 ] 46 root - INFO - Entered the save_object method of MainUtils class
[ 2025-11-15 09:36:23,784 ] 50 root - INFO - Exited the save_object method of MainUtils class
[ 2025-11-15 09:36:23,785 ] 146 root - INFO - Model trainer artifact: ModelTrainerArtifact(trained_model_file_path='Artifacts\\11_15_2025_09_25_52\\model_trainer\\trained_model\\model.pkl', train_metric_artifact=ClassificationMetricArtifact(f1_score=0.9916953615556006, precision_score=0.9908925318761385, recall_score=0.9924994932090007), test_metric_artifact=ClassificationMetricArtifact(f1_score=0.975193167954453, precision_score=0.9708502024291498, recall_score=0.9795751633986928))
[ 2025-11-15 09:36:23,790 ] 63 root - INFO - Entered initiate_data_transformation method of DataTransformation class
[ 2025-11-15 09:36:23,790 ] 65 root - INFO - Starting data transformation
[ 2025-11-15 09:36:23,824 ] 48 root - INFO - Entered get_data_trnasformer_object method of Trnasformation class
[ 2025-11-15 09:36:23,824 ] 53 root - INFO - Initialise KNNImputer with {'missing_values': nan, 'n_neighbors': 3, 'weights': 'uniform'}
[ 2025-11-15 09:36:23,835 ] 46 root - INFO - Entered the save_object method of MainUtils class
[ 2025-11-15 09:36:23,839 ] 50 root - INFO - Exited the save_object method of MainUtils class
[ 2025-11-15 09:36:23,839 ] 46 root - INFO - Entered the save_object method of MainUtils class
[ 2025-11-15 09:36:23,842 ] 50 root - INFO - Exited the save_object method of MainUtils class
[ 2025-11-15 09:36:23,843 ] 46 root - INFO - data Transformation completed
[ 2025-11-15 09:36:23,844 ] 48 root - INFO - Model Training artifact created
