[ 2025-11-15 14:53:16,179 ] 1025 httpx - INFO - HTTP Request: GET https://dagshub.com/api/v1/user "HTTP/1.1 200 OK"
[ 2025-11-15 14:53:16,212 ] 107 dagshub - INFO - Accessing as humayun-mhk
[ 2025-11-15 14:53:18,022 ] 1025 httpx - INFO - HTTP Request: GET https://dagshub.com/api/v1/repos/humayun-mhk/Network_Security "HTTP/1.1 200 OK"
[ 2025-11-15 14:53:19,833 ] 1025 httpx - INFO - HTTP Request: GET https://dagshub.com/api/v1/user "HTTP/1.1 200 OK"
[ 2025-11-15 14:53:19,877 ] 107 dagshub - INFO - Initialized MLflow to track repo "humayun-mhk/Network_Security"
[ 2025-11-15 14:53:19,918 ] 107 dagshub - INFO - Repository humayun-mhk/Network_Security initialized!
[ 2025-11-15 14:55:59,706 ] 47 root - INFO - Start data Ingestion
[ 2025-11-15 14:56:12,990 ] 65 root - INFO - Performed train test split on the dataframe
[ 2025-11-15 14:56:12,990 ] 67 root - INFO - Exited split_data_as_train_test method of Data_Ingestion class
[ 2025-11-15 14:56:12,991 ] 75 root - INFO - Exporting train and test file path.
[ 2025-11-15 14:56:13,065 ] 84 root - INFO - Exported train and test file path.
[ 2025-11-15 14:56:13,066 ] 50 root - INFO - Data Ingestion completed and artifact: DataIngestionArtifact(trained_file_path='Artifacts\\11_15_2025_14_52_58\\data_ingestion\\ingested\\train.csv', test_file_path='Artifacts\\11_15_2025_14_52_58\\data_ingestion\\ingested\\test.csv')
[ 2025-11-15 14:56:13,080 ] 60 root - INFO - Initiate the data Validation
[ 2025-11-15 14:56:13,152 ] 32 root - INFO - Required number of columns:2
[ 2025-11-15 14:56:13,152 ] 33 root - INFO - Data frame has columns:31
[ 2025-11-15 14:56:13,152 ] 32 root - INFO - Required number of columns:2
[ 2025-11-15 14:56:13,152 ] 33 root - INFO - Data frame has columns:31
[ 2025-11-15 14:56:13,328 ] 63 root - INFO - Entered initiate_data_transformation method of DataTransformation class
[ 2025-11-15 14:56:13,328 ] 65 root - INFO - Starting data transformation
[ 2025-11-15 14:56:13,358 ] 48 root - INFO - Entered get_data_trnasformer_object method of Trnasformation class
[ 2025-11-15 14:56:13,358 ] 53 root - INFO - Initialise KNNImputer with {'missing_values': nan, 'n_neighbors': 3, 'weights': 'uniform'}
[ 2025-11-15 14:56:13,373 ] 46 root - INFO - Entered the save_object method of MainUtils class
[ 2025-11-15 14:56:13,376 ] 50 root - INFO - Exited the save_object method of MainUtils class
[ 2025-11-15 14:56:13,376 ] 46 root - INFO - Entered the save_object method of MainUtils class
[ 2025-11-15 14:56:13,380 ] 50 root - INFO - Exited the save_object method of MainUtils class
[ 2025-11-15 15:04:42,993 ] 46 root - INFO - Entered the save_object method of MainUtils class
[ 2025-11-15 15:04:43,013 ] 50 root - INFO - Exited the save_object method of MainUtils class
[ 2025-11-15 15:04:43,014 ] 46 root - INFO - Entered the save_object method of MainUtils class
[ 2025-11-15 15:04:43,124 ] 50 root - INFO - Exited the save_object method of MainUtils class
[ 2025-11-15 15:04:43,124 ] 146 root - INFO - Model trainer artifact: ModelTrainerArtifact(trained_model_file_path='Artifacts\\11_15_2025_14_52_58\\model_trainer\\trained_model\\model.pkl', train_metric_artifact=ClassificationMetricArtifact(f1_score=0.9919918905220476, precision_score=0.990084985835694, recall_score=0.9939061547836685), test_metric_artifact=ClassificationMetricArtifact(f1_score=0.9759807846277022, precision_score=0.9643987341772152, recall_score=0.9878444084278768))
